INFO: [VRFC 10-163] Analyzing VHDL file "D:/Universitate/An 3/SCS/MIPS/MIPS.srcs/sources_1/new/ProcMem_definitions.vhd" into library xil_defaultlib
INFO: [VRFC 10-163] Analyzing VHDL file "D:/Universitate/An 3/SCS/MIPS/MIPS.srcs/sources_1/new/alu.vhd" into library xil_defaultlib
INFO: [VRFC 10-3107] analyzing entity 'alu'
INFO: [VRFC 10-163] Analyzing VHDL file "D:/Universitate/An 3/SCS/MIPS/MIPS.srcs/sources_1/new/controlUnit.vhd" into library xil_defaultlib
INFO: [VRFC 10-3107] analyzing entity 'controlUnit'
INFO: [VRFC 10-163] Analyzing VHDL file "D:/Universitate/An 3/SCS/MIPS/MIPS.srcs/sources_1/new/instreg.vhd" into library xil_defaultlib
INFO: [VRFC 10-3107] analyzing entity 'instreg'
INFO: [VRFC 10-163] Analyzing VHDL file "D:/Universitate/An 3/SCS/MIPS/MIPS.srcs/sources_1/new/memory.vhd" into library xil_defaultlib
INFO: [VRFC 10-3107] analyzing entity 'memory'
INFO: [VRFC 10-163] Analyzing VHDL file "D:/Universitate/An 3/SCS/MIPS/MIPS.srcs/sources_1/new/pc.vhd" into library xil_defaultlib
INFO: [VRFC 10-3107] analyzing entity 'pc'
INFO: [VRFC 10-163] Analyzing VHDL file "D:/Universitate/An 3/SCS/MIPS/MIPS.srcs/sources_1/new/phaseGenerator.vhd" into library xil_defaultlib
INFO: [VRFC 10-3107] analyzing entity 'phaseGenerator'
INFO: [VRFC 10-163] Analyzing VHDL file "D:/Universitate/An 3/SCS/MIPS/MIPS.srcs/sources_1/new/pipe.vhd" into library xil_defaultlib
INFO: [VRFC 10-3107] analyzing entity 'pipe'
ERROR: [VRFC 10-1471] type error near instruction ; current type std_logic_vector; expected type std_ulogic_vector [D:/Universitate/An 3/SCS/MIPS/MIPS.srcs/sources_1/new/pipe.vhd:129]
ERROR: [VRFC 10-1471] type error near next_address ; current type std_logic_vector; expected type std_ulogic_vector [D:/Universitate/An 3/SCS/MIPS/MIPS.srcs/sources_1/new/pipe.vhd:130]
ERROR: [VRFC 10-3462] indexed name is not a 'std_ulogic_vector' [D:/Universitate/An 3/SCS/MIPS/MIPS.srcs/sources_1/new/pipe.vhd:145]
ERROR: [VRFC 10-1471] type error near instr_25_21 ; current type std_logic_vector; expected type std_ulogic_vector [D:/Universitate/An 3/SCS/MIPS/MIPS.srcs/sources_1/new/pipe.vhd:149]
ERROR: [VRFC 10-1471] type error near instr_20_16 ; current type std_logic_vector; expected type std_ulogic_vector [D:/Universitate/An 3/SCS/MIPS/MIPS.srcs/sources_1/new/pipe.vhd:150]
ERROR: [VRFC 10-3462] indexed name is not a 'std_ulogic_vector' [D:/Universitate/An 3/SCS/MIPS/MIPS.srcs/sources_1/new/pipe.vhd:151]
ERROR: [VRFC 10-3462] indexed name is not a 'std_ulogic_vector' [D:/Universitate/An 3/SCS/MIPS/MIPS.srcs/sources_1/new/pipe.vhd:193]
ERROR: [VRFC 10-3462] indexed name is not a 'std_ulogic_vector' [D:/Universitate/An 3/SCS/MIPS/MIPS.srcs/sources_1/new/pipe.vhd:194]
ERROR: [VRFC 10-3462] indexed name is not a 'std_ulogic_vector' [D:/Universitate/An 3/SCS/MIPS/MIPS.srcs/sources_1/new/pipe.vhd:195]
ERROR: [VRFC 10-1471] type error near result ; current type std_logic_vector; expected type std_ulogic_vector [D:/Universitate/An 3/SCS/MIPS/MIPS.srcs/sources_1/new/pipe.vhd:196]
ERROR: [VRFC 10-3782] unit 'behavioral' ignored due to previous errors [D:/Universitate/An 3/SCS/MIPS/MIPS.srcs/sources_1/new/pipe.vhd:38]
INFO: [VRFC 10-3070] VHDL file 'D:/Universitate/An 3/SCS/MIPS/MIPS.srcs/sources_1/new/pipe.vhd' ignored due to errors
