Copyright 1986-2021 Xilinx, Inc. All Rights Reserved.
------------------------------------------------------------------------------------
| Tool Version : Vivado v.2021.1 (win64) Build 3247384 Thu Jun 10 19:36:33 MDT 2021
| Date         : Thu Oct 28 19:10:38 2021
| Host         : DESKTOP-C61AAJA running 64-bit major release  (build 9200)
| Command      : report_control_sets -verbose -file counter_control_sets_placed.rpt
| Design       : counter
| Device       : xc7a35t
------------------------------------------------------------------------------------

Control Set Information

Table of Contents
-----------------
1. Summary
2. Histogram
3. Flip-Flop Distribution
4. Detailed Control Set Information

1. Summary
----------

+----------------------------------------------------------+-------+
|                          Status                          | Count |
+----------------------------------------------------------+-------+
| Total control sets                                       |     8 |
|    Minimum number of control sets                        |     8 |
|    Addition due to synthesis replication                 |     0 |
|    Addition due to physical synthesis replication        |     0 |
| Unused register locations in slices containing registers |     2 |
+----------------------------------------------------------+-------+
* Control sets can be merged at opt_design using control_set_merge or merge_equivalent_drivers
** Run report_qor_suggestions for automated merging and remapping suggestions


2. Histogram
------------

+--------------------+-------+
|       Fanout       | Count |
+--------------------+-------+
| Total control sets |     8 |
| >= 0 to < 4        |     0 |
| >= 4 to < 6        |     0 |
| >= 6 to < 8        |     0 |
| >= 8 to < 10       |     0 |
| >= 10 to < 12      |     0 |
| >= 12 to < 14      |     0 |
| >= 14 to < 16      |     0 |
| >= 16              |     8 |
+--------------------+-------+
* Control sets can be remapped at either synth_design or opt_design


3. Flip-Flop Distribution
-------------------------

+--------------+-----------------------+------------------------+-----------------+--------------+
| Clock Enable | Synchronous Set/Reset | Asynchronous Set/Reset | Total Registers | Total Slices |
+--------------+-----------------------+------------------------+-----------------+--------------+
| No           | No                    | No                     |              31 |           14 |
| No           | No                    | Yes                    |              32 |            8 |
| No           | Yes                   | No                     |              31 |            8 |
| Yes          | No                    | No                     |               0 |            0 |
| Yes          | No                    | Yes                    |             160 |           45 |
| Yes          | Yes                   | No                     |               0 |            0 |
+--------------+-----------------------+------------------------+-----------------+--------------+


4. Detailed Control Set Information
-----------------------------------

+--------------------+--------------------+------------------+------------------+----------------+--------------+
|    Clock Signal    |    Enable Signal   | Set/Reset Signal | Slice Load Count | Bel Load Count | Bels / Slice |
+--------------------+--------------------+------------------+------------------+----------------+--------------+
|  clk_IBUF_BUFG     |                    |                  |               14 |             31 |         2.21 |
|  clk_IBUF_BUFG     |                    | clk1             |                8 |             31 |         3.88 |
|  clk1_reg_n_0_BUFG |                    | reset_IBUF       |                8 |             32 |         4.00 |
|  clk1_reg_n_0_BUFG | digit2[0]_i_1_n_0  | reset_IBUF       |                8 |             32 |         4.00 |
|  clk1_reg_n_0_BUFG | digit3[0]_i_1_n_0  | reset_IBUF       |                8 |             32 |         4.00 |
|  clk1_reg_n_0_BUFG | digit4[0]_i_1_n_0  | reset_IBUF       |                8 |             32 |         4.00 |
|  clk1_reg_n_0_BUFG | digit5[0]_i_1_n_0  | reset_IBUF       |                8 |             32 |         4.00 |
|  clk1_reg_n_0_BUFG | digit6[31]_i_1_n_0 | reset_IBUF       |               13 |             32 |         2.46 |
+--------------------+--------------------+------------------+------------------+----------------+--------------+


