#-----------------------------------------------------------
# Vivado v2021.1 (64-bit)
# SW Build 3247384 on Thu Jun 10 19:36:33 MDT 2021
# IP Build 3246043 on Fri Jun 11 00:30:35 MDT 2021
# Start of session at: Sun Dec 12 14:13:12 2021
# Process ID: 8540
# Current directory: D:/Universitate/An 3/SCS/SCSLabs-master/mips
# Command line: vivado.exe -gui_launcher_event rodinguilauncherevent8320 D:\Universitate\An 3\SCS\SCSLabs-master\mips\mips.xpr
# Log file: D:/Universitate/An 3/SCS/SCSLabs-master/mips/vivado.log
# Journal file: D:/Universitate/An 3/SCS/SCSLabs-master/mips\vivado.jou
#-----------------------------------------------------------
start_gui
open_project {D:/Universitate/An 3/SCS/SCSLabs-master/mips/mips.xpr}
INFO: [Project 1-313] Project file moved from 'C:/Users/student/Desktop/Lab6VP/mips' since last save.
Scanning sources...
Finished scanning sources
INFO: [Project 1-230] Project 'mips.xpr' upgraded for this version of Vivado.
INFO: [IP_Flow 19-234] Refreshing IP repositories
INFO: [IP_Flow 19-1704] No user IP repositories specified
INFO: [IP_Flow 19-2313] Loaded Vivado IP repository 'D:/Vivado/Vivado/2021.1/data/ip'.
open_project: Time (s): cpu = 00:00:26 ; elapsed = 00:00:10 . Memory (MB): peak = 1464.113 ; gain = 0.000
upgrade_project -migrate_output_products
update_compile_order -fileset sources_1
exit
INFO: [Common 17-206] Exiting Vivado at Sun Dec 12 14:33:50 2021...
